2026-02-23 16:50:08 - scraper.www.remotasks.com - INFO - Starting scrape of Remotasks
2026-02-23 16:50:14 - scraper.www.remotasks.com - INFO - Starting scrape: https://www.remotasks.com
2026-02-23 16:50:25 - scraper.www.remotasks.com - INFO - ✓ VALIDATION PASSED: https://www.remotasks.com: All validations passed
2026-02-23 16:50:25 - scraper.www.remotasks.com - INFO - ✓ SUCCESS: https://www.remotasks.com | Status: 200 | Size: 38772 bytes
2026-02-23 16:50:25 - scraper.www.remotasks.com - INFO - Starting scrape: https://www.remotasks.com/careers
2026-02-23 16:50:44 - scraper.www.remotasks.com - INFO - ✓ VALIDATION PASSED: https://www.remotasks.com/careers: All validations passed
2026-02-23 16:50:44 - scraper.www.remotasks.com - INFO - ✓ SUCCESS: https://www.remotasks.com/careers | Status: 404 | Size: 22312 bytes
2026-02-23 16:50:44 - scraper.www.remotasks.com - INFO - Starting scrape: https://www.remotasks.com/login
2026-02-23 16:51:04 - scraper.www.remotasks.com - INFO - ✓ VALIDATION PASSED: https://www.remotasks.com/login: All validations passed
2026-02-23 16:51:04 - scraper.www.remotasks.com - INFO - ✓ SUCCESS: https://www.remotasks.com/login | Status: 200 | Size: 400533 bytes
2026-02-23 16:51:04 - scraper.www.remotasks.com - INFO - Starting scrape: https://www.remotasks.com/signup
2026-02-23 16:51:15 - scraper.www.remotasks.com - INFO - ✓ VALIDATION PASSED: https://www.remotasks.com/signup: All validations passed
2026-02-23 16:51:15 - scraper.www.remotasks.com - INFO - ✓ SUCCESS: https://www.remotasks.com/signup | Status: 200 | Size: 341227 bytes
2026-02-23 16:51:15 - scraper.www.remotasks.com - INFO - Starting scrape: https://www.remotasks.com/careers/hr-manager
2026-02-23 16:51:36 - scraper.www.remotasks.com - INFO - ✓ VALIDATION PASSED: https://www.remotasks.com/careers/hr-manager: All validations passed
2026-02-23 16:51:36 - scraper.www.remotasks.com - INFO - ✓ SUCCESS: https://www.remotasks.com/careers/hr-manager | Status: 404 | Size: 22312 bytes
2026-02-23 16:51:36 - scraper.www.remotasks.com - INFO - Starting scrape: https://www.remotasks.com/forgot
2026-02-23 16:51:44 - scraper.www.remotasks.com - INFO - ✓ VALIDATION PASSED: https://www.remotasks.com/forgot: All validations passed
2026-02-23 16:51:44 - scraper.www.remotasks.com - INFO - ✓ SUCCESS: https://www.remotasks.com/forgot | Status: 200 | Size: 109478 bytes
2026-02-23 16:51:45 - scraper.www.remotasks.com - INFO - Starting scrape: https://www.remotasks.com/legal/terms
2026-02-23 16:51:48 - scraper.www.remotasks.com - INFO - ✓ VALIDATION PASSED: https://www.remotasks.com/legal/terms: All validations passed
2026-02-23 16:51:48 - scraper.www.remotasks.com - INFO - ✓ SUCCESS: https://www.remotasks.com/legal/terms | Status: 200 | Size: 97892 bytes
2026-02-23 16:51:49 - scraper.www.remotasks.com - INFO - Starting scrape: https://www.remotasks.com/legal/eu-dataprocessing
2026-02-23 16:51:53 - scraper.www.remotasks.com - INFO - ✓ VALIDATION PASSED: https://www.remotasks.com/legal/eu-dataprocessing: All validations passed
2026-02-23 16:51:53 - scraper.www.remotasks.com - INFO - ✓ SUCCESS: https://www.remotasks.com/legal/eu-dataprocessing | Status: 200 | Size: 85266 bytes
2026-02-23 16:51:53 - scraper.www.remotasks.com - INFO - Starting scrape: https://www.remotasks.com/legal/acceptable-use-policy
2026-02-23 16:52:13 - scraper.www.remotasks.com - INFO - ✓ VALIDATION PASSED: https://www.remotasks.com/legal/acceptable-use-policy: All validations passed
2026-02-23 16:52:13 - scraper.www.remotasks.com - INFO - ✓ SUCCESS: https://www.remotasks.com/legal/acceptable-use-policy | Status: 404 | Size: 22312 bytes
2026-02-23 16:52:13 - scraper.www.remotasks.com - INFO - Starting scrape: https://www.remotasks.com/legal/privacy-policy
2026-02-23 16:52:19 - scraper.www.remotasks.com - INFO - ✓ VALIDATION PASSED: https://www.remotasks.com/legal/privacy-policy: All validations passed
2026-02-23 16:52:19 - scraper.www.remotasks.com - INFO - ✓ SUCCESS: https://www.remotasks.com/legal/privacy-policy | Status: 200 | Size: 69532 bytes
