2026-02-25 01:06:13 - scraper.flipside.ai - INFO - Starting scrape of Flip side
2026-02-25 01:06:18 - scraper.flipside.ai - INFO - Starting scrape: https://flipside.ai/environmental-policy
2026-02-25 01:06:39 - scraper.flipside.ai - INFO - ✓ VALIDATION PASSED: https://flipside.ai/environmental-policy: All validations passed
2026-02-25 01:06:39 - scraper.flipside.ai - INFO - ✓ SUCCESS: https://flipside.ai/environmental-policy | Status: 200 | Size: 138409 bytes
2026-02-25 01:06:39 - scraper.flipside.ai - INFO - Starting scrape: https://flipside.ai/our-story
2026-02-25 01:06:59 - scraper.flipside.ai - INFO - ✓ VALIDATION PASSED: https://flipside.ai/our-story: All validations passed
2026-02-25 01:06:59 - scraper.flipside.ai - INFO - ✓ SUCCESS: https://flipside.ai/our-story | Status: 200 | Size: 162488 bytes
2026-02-25 01:06:59 - scraper.flipside.ai - INFO - Starting scrape: https://flipside.ai/code-of-ethics
2026-02-25 01:07:21 - scraper.flipside.ai - INFO - ✓ VALIDATION PASSED: https://flipside.ai/code-of-ethics: All validations passed
2026-02-25 01:07:21 - scraper.flipside.ai - INFO - ✓ SUCCESS: https://flipside.ai/code-of-ethics | Status: 200 | Size: 144166 bytes
2026-02-25 01:07:21 - scraper.flipside.ai - INFO - Starting scrape: https://flipside.ai/language-1
2026-02-25 01:07:42 - scraper.flipside.ai - INFO - ✓ VALIDATION PASSED: https://flipside.ai/language-1: All validations passed
2026-02-25 01:07:42 - scraper.flipside.ai - INFO - ✓ SUCCESS: https://flipside.ai/language-1 | Status: 200 | Size: 150861 bytes
2026-02-25 01:07:42 - scraper.flipside.ai - INFO - Starting scrape: https://flipside.ai/ethics-program
2026-02-25 01:08:02 - scraper.flipside.ai - INFO - ✓ VALIDATION PASSED: https://flipside.ai/ethics-program: All validations passed
2026-02-25 01:08:02 - scraper.flipside.ai - INFO - ✓ SUCCESS: https://flipside.ai/ethics-program | Status: 200 | Size: 154035 bytes
2026-02-25 01:08:02 - scraper.flipside.ai - INFO - Starting scrape: https://flipside.ai/code-of-conduct
2026-02-25 01:08:22 - scraper.flipside.ai - INFO - ✓ VALIDATION PASSED: https://flipside.ai/code-of-conduct: All validations passed
2026-02-25 01:08:22 - scraper.flipside.ai - INFO - ✓ SUCCESS: https://flipside.ai/code-of-conduct | Status: 200 | Size: 146077 bytes
2026-02-25 01:08:22 - scraper.flipside.ai - INFO - Starting scrape: https://flipside.ai/privacy-policy
2026-02-25 01:08:42 - scraper.flipside.ai - INFO - ✓ VALIDATION PASSED: https://flipside.ai/privacy-policy: All validations passed
2026-02-25 01:08:42 - scraper.flipside.ai - INFO - ✓ SUCCESS: https://flipside.ai/privacy-policy | Status: 200 | Size: 149701 bytes
2026-02-25 01:08:42 - scraper.flipside.ai - INFO - Starting scrape: https://flipside.ai/real-world
2026-02-25 01:09:02 - scraper.flipside.ai - INFO - ✓ VALIDATION PASSED: https://flipside.ai/real-world: All validations passed
2026-02-25 01:09:02 - scraper.flipside.ai - INFO - ✓ SUCCESS: https://flipside.ai/real-world | Status: 200 | Size: 149741 bytes
2026-02-25 01:09:02 - scraper.flipside.ai - INFO - Starting scrape: https://flipside.ai/
2026-02-25 01:09:31 - scraper.flipside.ai - INFO - ✓ VALIDATION PASSED: https://flipside.ai/: All validations passed
2026-02-25 01:09:31 - scraper.flipside.ai - INFO - ✓ SUCCESS: https://flipside.ai/ | Status: 200 | Size: 160902 bytes
2026-02-25 01:09:31 - scraper.flipside.ai - INFO - Starting scrape: https://flipside.ai/quality
2026-02-25 01:09:55 - scraper.flipside.ai - INFO - ✓ VALIDATION PASSED: https://flipside.ai/quality: All validations passed
2026-02-25 01:09:55 - scraper.flipside.ai - INFO - ✓ SUCCESS: https://flipside.ai/quality | Status: 200 | Size: 151044 bytes
2026-02-25 01:09:55 - scraper.flipside.ai - INFO - Starting scrape: https://flipside.ai/vision
2026-02-25 01:10:15 - scraper.flipside.ai - INFO - ✓ VALIDATION PASSED: https://flipside.ai/vision: All validations passed
2026-02-25 01:10:15 - scraper.flipside.ai - INFO - ✓ SUCCESS: https://flipside.ai/vision | Status: 200 | Size: 151599 bytes
2026-02-25 01:10:15 - scraper.flipside.ai - INFO - Starting scrape: https://flipside.ai/ethics-%26-sustainability
2026-02-25 01:10:36 - scraper.flipside.ai - INFO - ✓ VALIDATION PASSED: https://flipside.ai/ethics-%26-sustainability: All validations passed
2026-02-25 01:10:36 - scraper.flipside.ai - INFO - ✓ SUCCESS: https://flipside.ai/ethics-%26-sustainability | Status: 200 | Size: 148616 bytes
2026-02-25 01:10:36 - scraper.flipside.ai - INFO - Starting scrape: https://flipside.ai/mission%2Fvision
2026-02-25 01:10:56 - scraper.flipside.ai - INFO - ✓ VALIDATION PASSED: https://flipside.ai/mission%2Fvision: All validations passed
2026-02-25 01:10:56 - scraper.flipside.ai - INFO - ✓ SUCCESS: https://flipside.ai/mission%2Fvision | Status: 200 | Size: 140450 bytes
2026-02-25 01:10:57 - scraper.flipside.ai - INFO - Starting scrape: https://flipside.ai/information-security
2026-02-25 01:11:17 - scraper.flipside.ai - INFO - ✓ VALIDATION PASSED: https://flipside.ai/information-security: All validations passed
2026-02-25 01:11:17 - scraper.flipside.ai - INFO - ✓ SUCCESS: https://flipside.ai/information-security | Status: 200 | Size: 151041 bytes
2026-02-25 01:11:18 - scraper.flipside.ai - INFO - Starting scrape: https://flipside.ai/contact
2026-02-25 01:11:38 - scraper.flipside.ai - INFO - ✓ VALIDATION PASSED: https://flipside.ai/contact: All validations passed
2026-02-25 01:11:38 - scraper.flipside.ai - INFO - ✓ SUCCESS: https://flipside.ai/contact | Status: 200 | Size: 160369 bytes
2026-02-25 01:11:38 - scraper.flipside.ai - INFO - Starting scrape: https://flipside.ai/how-we-work
2026-02-25 01:11:57 - scraper.flipside.ai - INFO - ✓ VALIDATION PASSED: https://flipside.ai/how-we-work: All validations passed
2026-02-25 01:11:57 - scraper.flipside.ai - INFO - ✓ SUCCESS: https://flipside.ai/how-we-work | Status: 200 | Size: 151939 bytes
2026-02-25 01:11:57 - scraper.flipside.ai - INFO - Starting scrape: https://flipside.ai/core-values
2026-02-25 01:12:16 - scraper.flipside.ai - INFO - ✓ VALIDATION PASSED: https://flipside.ai/core-values: All validations passed
2026-02-25 01:12:16 - scraper.flipside.ai - INFO - ✓ SUCCESS: https://flipside.ai/core-values | Status: 200 | Size: 140054 bytes
